<?xml version="1.0" encoding="UTF-8"?>
<!-- Generated by org.testng.reporters.JUnitReportReporter -->
<testsuite hostname="DESKTOP-CR65LGQ" failures="0" tests="1" name="Demo1.Test2" time="0.002" errors="0" timestamp="2023-01-09T15:56:17 IST" skipped="0">
  <testcase classname="Demo1.Test2" name="m2" time="0.002"/>
  <system-out>
    <![CDATA[Hii]]>
  </system-out>
</testsuite> <!-- Demo1.Test2 -->
