<?xml version="1.0" encoding="UTF-8"?>
<!-- Generated by org.testng.reporters.JUnitReportReporter -->
<testsuite hostname="DESKTOP-CR65LGQ" failures="0" tests="1" name="Demo1.Test1" time="0.014" errors="0" timestamp="2023-01-09T15:46:36 IST" skipped="0">
  <testcase classname="Demo1.Test1" name="m1" time="0.014"/>
  <system-out>
    <![CDATA[Hello]]>
  </system-out>
</testsuite> <!-- Demo1.Test1 -->
